<?xml version="1.0" encoding="UTF-8"?>
<coverage generated="1713107516695" clover="3.2.0">
  <project timestamp="1713107516695" name="All files">
    <metrics statements="26" coveredstatements="4" conditionals="12" coveredconditionals="3" methods="4" coveredmethods="1" elements="42" coveredelements="8" complexity="0" loc="26" ncloc="26" packages="1" files="1" classes="1"/>
    <file name="backend.js" path="C:\Users\Gregory\OneDrive\Documents\Academic_Notes\Third_Year\Software_Design\Labs\sd-project\src\backend.js">
      <metrics statements="26" coveredstatements="4" conditionals="12" coveredconditionals="3" methods="4" coveredmethods="1"/>
      <line num="5" count="0" type="stmt"/>
      <line num="7" count="0" type="stmt"/>
      <line num="8" count="0" type="stmt"/>
      <line num="9" count="0" type="stmt"/>
      <line num="10" count="0" type="stmt"/>
      <line num="12" count="0" type="stmt"/>
      <line num="13" count="0" type="stmt"/>
      <line num="19" count="1" type="stmt"/>
      <line num="20" count="1" type="stmt"/>
      <line num="21" count="1" type="cond" truecount="3" falsecount="1"/>
      <line num="22" count="1" type="stmt"/>
      <line num="25" count="0" type="stmt"/>
      <line num="30" count="0" type="stmt"/>
      <line num="31" count="0" type="stmt"/>
      <line num="32" count="0" type="cond" truecount="0" falsecount="4"/>
      <line num="33" count="0" type="stmt"/>
      <line num="36" count="0" type="stmt"/>
      <line num="41" count="0" type="stmt"/>
      <line num="42" count="0" type="cond" truecount="0" falsecount="2"/>
      <line num="44" count="0" type="stmt"/>
      <line num="48" count="0" type="stmt"/>
      <line num="49" count="0" type="stmt"/>
      <line num="51" count="0" type="cond" truecount="0" falsecount="2"/>
      <line num="53" count="0" type="stmt"/>
      <line num="57" count="0" type="stmt"/>
      <line num="58" count="0" type="stmt"/>
    </file>
  </project>
</coverage>
