{"C:\\Users\\Gregory\\OneDrive\\Documents\\Academic_Notes\\Third_Year\\Software_Design\\Labs\\sd-project\\src\\backend.js": {"path":"C:\\Users\\Gregory\\OneDrive\\Documents\\Academic_Notes\\Third_Year\\Software_Design\\Labs\\sd-project\\src\\backend.js","statementMap":{"0":{"start":{"line":5,"column":4},"end":{"line":14,"column":5}},"1":{"start":{"line":7,"column":23},"end":{"line":7,"column":48}},"2":{"start":{"line":8,"column":23},"end":{"line":8,"column":44}},"3":{"start":{"line":9,"column":19},"end":{"line":9,"column":40}},"4":{"start":{"line":10,"column":6},"end":{"line":10,"column":24}},"5":{"start":{"line":12,"column":6},"end":{"line":12,"column":23}},"6":{"start":{"line":13,"column":6},"end":{"line":13,"column":21}},"7":{"start":{"line":19,"column":8},"end":{"line":24,"column":9}},"8":{"start":{"line":19,"column":20},"end":{"line":19,"column":21}},"9":{"start":{"line":20,"column":22},"end":{"line":20,"column":29}},"10":{"start":{"line":21,"column":10},"end":{"line":23,"column":11}},"11":{"start":{"line":22,"column":14},"end":{"line":22,"column":26}},"12":{"start":{"line":25,"column":6},"end":{"line":25,"column":19}},"13":{"start":{"line":30,"column":6},"end":{"line":35,"column":9}},"14":{"start":{"line":30,"column":18},"end":{"line":30,"column":19}},"15":{"start":{"line":31,"column":22},"end":{"line":31,"column":29}},"16":{"start":{"line":32,"column":10},"end":{"line":34,"column":11}},"17":{"start":{"line":33,"column":14},"end":{"line":33,"column":30}},"18":{"start":{"line":36,"column":6},"end":{"line":36,"column":16}},"19":{"start":{"line":41,"column":21},"end":{"line":41,"column":34}},"20":{"start":{"line":42,"column":8},"end":{"line":45,"column":9}},"21":{"start":{"line":44,"column":10},"end":{"line":44,"column":17}},"22":{"start":{"line":48,"column":22},"end":{"line":48,"column":60}},"23":{"start":{"line":49,"column":25},"end":{"line":49,"column":66}},"24":{"start":{"line":51,"column":8},"end":{"line":54,"column":9}},"25":{"start":{"line":53,"column":10},"end":{"line":53,"column":17}},"26":{"start":{"line":57,"column":21},"end":{"line":57,"column":51}},"27":{"start":{"line":58,"column":8},"end":{"line":58,"column":26}}},"fnMap":{"0":{"name":"list","decl":{"start":{"line":4,"column":15},"end":{"line":4,"column":19}},"loc":{"start":{"line":4,"column":22},"end":{"line":15,"column":3}},"line":4},"1":{"name":"employeeExists","decl":{"start":{"line":17,"column":9},"end":{"line":17,"column":23}},"loc":{"start":{"line":17,"column":47},"end":{"line":26,"column":3}},"line":17},"2":{"name":"getRole","decl":{"start":{"line":28,"column":9},"end":{"line":28,"column":16}},"loc":{"start":{"line":28,"column":40},"end":{"line":37,"column":3}},"line":28},"3":{"name":"login","decl":{"start":{"line":40,"column":15},"end":{"line":40,"column":20}},"loc":{"start":{"line":40,"column":22},"end":{"line":59,"column":3}},"line":40}},"branchMap":{"0":{"loc":{"start":{"line":21,"column":10},"end":{"line":23,"column":11}},"type":"if","locations":[{"start":{"line":21,"column":10},"end":{"line":23,"column":11}},{"start":{},"end":{}}],"line":21},"1":{"loc":{"start":{"line":21,"column":13},"end":{"line":21,"column":61}},"type":"binary-expr","locations":[{"start":{"line":21,"column":13},"end":{"line":21,"column":32}},{"start":{"line":21,"column":36},"end":{"line":21,"column":61}}],"line":21},"2":{"loc":{"start":{"line":32,"column":10},"end":{"line":34,"column":11}},"type":"if","locations":[{"start":{"line":32,"column":10},"end":{"line":34,"column":11}},{"start":{},"end":{}}],"line":32},"3":{"loc":{"start":{"line":32,"column":13},"end":{"line":32,"column":61}},"type":"binary-expr","locations":[{"start":{"line":32,"column":13},"end":{"line":32,"column":32}},{"start":{"line":32,"column":36},"end":{"line":32,"column":61}}],"line":32},"4":{"loc":{"start":{"line":42,"column":8},"end":{"line":45,"column":9}},"type":"if","locations":[{"start":{"line":42,"column":8},"end":{"line":45,"column":9}},{"start":{},"end":{}}],"line":42},"5":{"loc":{"start":{"line":51,"column":8},"end":{"line":54,"column":9}},"type":"if","locations":[{"start":{"line":51,"column":8},"end":{"line":54,"column":9}},{"start":{},"end":{}}],"line":51}},"s":{"0":0,"1":0,"2":0,"3":0,"4":0,"5":0,"6":0,"7":1,"8":1,"9":1,"10":1,"11":1,"12":0,"13":0,"14":0,"15":0,"16":0,"17":0,"18":0,"19":0,"20":0,"21":0,"22":0,"23":0,"24":0,"25":0,"26":0,"27":0},"f":{"0":0,"1":1,"2":0,"3":0},"b":{"0":[1,0],"1":[1,1],"2":[0,0],"3":[0,0],"4":[0,0],"5":[0,0]},"_coverageSchema":"1a1c01bbd47fc00a2c39e90264f33305004495a9","hash":"b42738cdd10841a18ce63c78040c70c3af5fbe66"}
}
