TN:
SF:src\backend.js
FN:4,list
FN:17,employeeExists
FN:28,getRole
FN:40,login
FNF:4
FNH:1
FNDA:0,list
FNDA:1,employeeExists
FNDA:0,getRole
FNDA:0,login
DA:5,0
DA:7,0
DA:8,0
DA:9,0
DA:10,0
DA:12,0
DA:13,0
DA:19,1
DA:20,1
DA:21,1
DA:22,1
DA:25,0
DA:30,0
DA:31,0
DA:32,0
DA:33,0
DA:36,0
DA:41,0
DA:42,0
DA:44,0
DA:48,0
DA:49,0
DA:51,0
DA:53,0
DA:57,0
DA:58,0
LF:26
LH:4
BRDA:21,0,0,1
BRDA:21,0,1,0
BRDA:21,1,0,1
BRDA:21,1,1,1
BRDA:32,2,0,0
BRDA:32,2,1,0
BRDA:32,3,0,0
BRDA:32,3,1,0
BRDA:42,4,0,0
BRDA:42,4,1,0
BRDA:51,5,0,0
BRDA:51,5,1,0
BRF:12
BRH:3
end_of_record
